[INFO] Version HHH000412: Hibernate Core {5.3.7.Final} 
[INFO] Environment HHH000206: hibernate.properties not found 
[WARN] deprecation HHH90000012: Recognized obsolete hibernate namespace http://hibernate.sourceforge.net/hibernate-configuration. Use namespace http://www.hibernate.org/dtd/hibernate-configuration instead.  Support for obsolete DTD/XSD namespaces may be removed at any time. 
[INFO] Version HCANN000001: Hibernate Commons Annotations {5.0.4.Final} 
[WARN] pooling HHH10001002: Using Hibernate built-in connection pool (not for production use!) 
[INFO] pooling HHH10001005: using driver [com.mysql.cj.jdbc.Driver] at URL [jdbc:mysql://db/animal] 
[INFO] pooling HHH10001001: Connection properties: {password=pass, user=maria} 
[INFO] pooling HHH10001003: Autocommit mode: false 
[INFO] DriverManagerConnectionProviderImpl HHH000115: Hibernate connection pool size: 3 (min=1) 
[INFO] Dialect HHH000400: Using dialect: org.hibernate.dialect.MySQL8Dialect 
[INFO] access HHH10001501: Connection obtained from JdbcConnectionAccess [org.hibernate.engine.jdbc.env.internal.JdbcEnvironmentInitiator$ConnectionProviderJdbcConnectionAccess@724fae68] for (non-JTA) DDL execution was not in auto-commit mode; the Connection 'local transaction' will be committed and the Connection will be set into auto-commit mode. 
[INFO] access HHH10001501: Connection obtained from JdbcConnectionAccess [org.hibernate.engine.jdbc.env.internal.JdbcEnvironmentInitiator$ConnectionProviderJdbcConnectionAccess@3efb1276] for (non-JTA) DDL execution was not in auto-commit mode; the Connection 'local transaction' will be committed and the Connection will be set into auto-commit mode. 
[INFO] SchemaCreatorImpl HHH000476: Executing import script 'org.hibernate.tool.schema.internal.exec.ScriptSourceInputNonExistentImpl@7f3f3e5e' 
[INFO] QueryTranslatorFactoryInitiator HHH000397: Using ASTQueryTranslatorFactory 
[INFO] Version HHH000412: Hibernate Core {5.3.7.Final} 
[INFO] Environment HHH000206: hibernate.properties not found 
[WARN] deprecation HHH90000012: Recognized obsolete hibernate namespace http://hibernate.sourceforge.net/hibernate-configuration. Use namespace http://www.hibernate.org/dtd/hibernate-configuration instead.  Support for obsolete DTD/XSD namespaces may be removed at any time. 
[INFO] Version HCANN000001: Hibernate Commons Annotations {5.0.4.Final} 
[WARN] pooling HHH10001002: Using Hibernate built-in connection pool (not for production use!) 
[INFO] pooling HHH10001005: using driver [com.mysql.cj.jdbc.Driver] at URL [jdbc:mysql://db/animal] 
[INFO] pooling HHH10001001: Connection properties: {password=pass, user=maria} 
[INFO] pooling HHH10001003: Autocommit mode: false 
[INFO] DriverManagerConnectionProviderImpl HHH000115: Hibernate connection pool size: 3 (min=1) 
[INFO] Dialect HHH000400: Using dialect: org.hibernate.dialect.MySQL8Dialect 
[INFO] access HHH10001501: Connection obtained from JdbcConnectionAccess [org.hibernate.engine.jdbc.env.internal.JdbcEnvironmentInitiator$ConnectionProviderJdbcConnectionAccess@5274635d] for (non-JTA) DDL execution was not in auto-commit mode; the Connection 'local transaction' will be committed and the Connection will be set into auto-commit mode. 
[INFO] access HHH10001501: Connection obtained from JdbcConnectionAccess [org.hibernate.engine.jdbc.env.internal.JdbcEnvironmentInitiator$ConnectionProviderJdbcConnectionAccess@2b4c6dc1] for (non-JTA) DDL execution was not in auto-commit mode; the Connection 'local transaction' will be committed and the Connection will be set into auto-commit mode. 
[INFO] SchemaCreatorImpl HHH000476: Executing import script 'org.hibernate.tool.schema.internal.exec.ScriptSourceInputNonExistentImpl@13894e92' 
[INFO] QueryTranslatorFactoryInitiator HHH000397: Using ASTQueryTranslatorFactory 
[INFO] Version HHH000412: Hibernate Core {5.3.7.Final} 
[INFO] Environment HHH000206: hibernate.properties not found 
[WARN] deprecation HHH90000012: Recognized obsolete hibernate namespace http://hibernate.sourceforge.net/hibernate-configuration. Use namespace http://www.hibernate.org/dtd/hibernate-configuration instead.  Support for obsolete DTD/XSD namespaces may be removed at any time. 
[INFO] Version HCANN000001: Hibernate Commons Annotations {5.0.4.Final} 
[WARN] pooling HHH10001002: Using Hibernate built-in connection pool (not for production use!) 
[INFO] pooling HHH10001005: using driver [com.mysql.cj.jdbc.Driver] at URL [jdbc:mysql://db/animal] 
[INFO] pooling HHH10001001: Connection properties: {password=pass, user=maria} 
[INFO] pooling HHH10001003: Autocommit mode: false 
[INFO] DriverManagerConnectionProviderImpl HHH000115: Hibernate connection pool size: 3 (min=1) 
[INFO] Dialect HHH000400: Using dialect: org.hibernate.dialect.MySQL8Dialect 
[INFO] access HHH10001501: Connection obtained from JdbcConnectionAccess [org.hibernate.engine.jdbc.env.internal.JdbcEnvironmentInitiator$ConnectionProviderJdbcConnectionAccess@724fae68] for (non-JTA) DDL execution was not in auto-commit mode; the Connection 'local transaction' will be committed and the Connection will be set into auto-commit mode. 
[INFO] access HHH10001501: Connection obtained from JdbcConnectionAccess [org.hibernate.engine.jdbc.env.internal.JdbcEnvironmentInitiator$ConnectionProviderJdbcConnectionAccess@4adea43] for (non-JTA) DDL execution was not in auto-commit mode; the Connection 'local transaction' will be committed and the Connection will be set into auto-commit mode. 
[INFO] SchemaCreatorImpl HHH000476: Executing import script 'org.hibernate.tool.schema.internal.exec.ScriptSourceInputNonExistentImpl@e56c20f' 
[INFO] QueryTranslatorFactoryInitiator HHH000397: Using ASTQueryTranslatorFactory 
[INFO] Version HHH000412: Hibernate Core {5.3.7.Final} 
[INFO] Environment HHH000206: hibernate.properties not found 
[WARN] deprecation HHH90000012: Recognized obsolete hibernate namespace http://hibernate.sourceforge.net/hibernate-configuration. Use namespace http://www.hibernate.org/dtd/hibernate-configuration instead.  Support for obsolete DTD/XSD namespaces may be removed at any time. 
[INFO] Version HCANN000001: Hibernate Commons Annotations {5.0.4.Final} 
[WARN] pooling HHH10001002: Using Hibernate built-in connection pool (not for production use!) 
[INFO] pooling HHH10001005: using driver [com.mysql.cj.jdbc.Driver] at URL [jdbc:mysql://db/animal] 
[INFO] pooling HHH10001001: Connection properties: {password=pass, user=maria} 
[INFO] pooling HHH10001003: Autocommit mode: false 
[INFO] DriverManagerConnectionProviderImpl HHH000115: Hibernate connection pool size: 3 (min=1) 
[INFO] Dialect HHH000400: Using dialect: org.hibernate.dialect.MySQL8Dialect 
[INFO] access HHH10001501: Connection obtained from JdbcConnectionAccess [org.hibernate.engine.jdbc.env.internal.JdbcEnvironmentInitiator$ConnectionProviderJdbcConnectionAccess@354a21c2] for (non-JTA) DDL execution was not in auto-commit mode; the Connection 'local transaction' will be committed and the Connection will be set into auto-commit mode. 
[INFO] access HHH10001501: Connection obtained from JdbcConnectionAccess [org.hibernate.engine.jdbc.env.internal.JdbcEnvironmentInitiator$ConnectionProviderJdbcConnectionAccess@193e450c] for (non-JTA) DDL execution was not in auto-commit mode; the Connection 'local transaction' will be committed and the Connection will be set into auto-commit mode. 
[INFO] SchemaCreatorImpl HHH000476: Executing import script 'org.hibernate.tool.schema.internal.exec.ScriptSourceInputNonExistentImpl@1299fee2' 
[INFO] QueryTranslatorFactoryInitiator HHH000397: Using ASTQueryTranslatorFactory 
[INFO] Version HHH000412: Hibernate Core {5.3.7.Final} 
[INFO] Environment HHH000206: hibernate.properties not found 
[WARN] deprecation HHH90000012: Recognized obsolete hibernate namespace http://hibernate.sourceforge.net/hibernate-configuration. Use namespace http://www.hibernate.org/dtd/hibernate-configuration instead.  Support for obsolete DTD/XSD namespaces may be removed at any time. 
[INFO] Version HCANN000001: Hibernate Commons Annotations {5.0.4.Final} 
[WARN] pooling HHH10001002: Using Hibernate built-in connection pool (not for production use!) 
[INFO] pooling HHH10001005: using driver [com.mysql.cj.jdbc.Driver] at URL [jdbc:mysql://db/animal] 
[INFO] pooling HHH10001001: Connection properties: {password=pass, user=maria} 
[INFO] pooling HHH10001003: Autocommit mode: false 
[INFO] DriverManagerConnectionProviderImpl HHH000115: Hibernate connection pool size: 3 (min=1) 
[INFO] Dialect HHH000400: Using dialect: org.hibernate.dialect.MySQL8Dialect 
[INFO] access HHH10001501: Connection obtained from JdbcConnectionAccess [org.hibernate.engine.jdbc.env.internal.JdbcEnvironmentInitiator$ConnectionProviderJdbcConnectionAccess@354a21c2] for (non-JTA) DDL execution was not in auto-commit mode; the Connection 'local transaction' will be committed and the Connection will be set into auto-commit mode. 
[INFO] access HHH10001501: Connection obtained from JdbcConnectionAccess [org.hibernate.engine.jdbc.env.internal.JdbcEnvironmentInitiator$ConnectionProviderJdbcConnectionAccess@193e450c] for (non-JTA) DDL execution was not in auto-commit mode; the Connection 'local transaction' will be committed and the Connection will be set into auto-commit mode. 
[INFO] SchemaCreatorImpl HHH000476: Executing import script 'org.hibernate.tool.schema.internal.exec.ScriptSourceInputNonExistentImpl@1299fee2' 
[INFO] QueryTranslatorFactoryInitiator HHH000397: Using ASTQueryTranslatorFactory 
[INFO] Version HHH000412: Hibernate Core {5.3.7.Final} 
[INFO] Environment HHH000206: hibernate.properties not found 
[WARN] deprecation HHH90000012: Recognized obsolete hibernate namespace http://hibernate.sourceforge.net/hibernate-configuration. Use namespace http://www.hibernate.org/dtd/hibernate-configuration instead.  Support for obsolete DTD/XSD namespaces may be removed at any time. 
[INFO] Version HCANN000001: Hibernate Commons Annotations {5.0.4.Final} 
[WARN] pooling HHH10001002: Using Hibernate built-in connection pool (not for production use!) 
[INFO] pooling HHH10001005: using driver [com.mysql.cj.jdbc.Driver] at URL [jdbc:mysql://db/animal] 
[INFO] pooling HHH10001001: Connection properties: {password=pass, user=maria} 
[INFO] pooling HHH10001003: Autocommit mode: false 
[INFO] DriverManagerConnectionProviderImpl HHH000115: Hibernate connection pool size: 3 (min=1) 
[INFO] Dialect HHH000400: Using dialect: org.hibernate.dialect.MySQL8Dialect 
[INFO] access HHH10001501: Connection obtained from JdbcConnectionAccess [org.hibernate.engine.jdbc.env.internal.JdbcEnvironmentInitiator$ConnectionProviderJdbcConnectionAccess@1bf5323f] for (non-JTA) DDL execution was not in auto-commit mode; the Connection 'local transaction' will be committed and the Connection will be set into auto-commit mode. 
[INFO] access HHH10001501: Connection obtained from JdbcConnectionAccess [org.hibernate.engine.jdbc.env.internal.JdbcEnvironmentInitiator$ConnectionProviderJdbcConnectionAccess@197ecf75] for (non-JTA) DDL execution was not in auto-commit mode; the Connection 'local transaction' will be committed and the Connection will be set into auto-commit mode. 
[INFO] SchemaCreatorImpl HHH000476: Executing import script 'org.hibernate.tool.schema.internal.exec.ScriptSourceInputNonExistentImpl@47c05297' 
[INFO] QueryTranslatorFactoryInitiator HHH000397: Using ASTQueryTranslatorFactory 
[INFO] Version HHH000412: Hibernate Core {5.3.7.Final} 
[INFO] Environment HHH000206: hibernate.properties not found 
[WARN] deprecation HHH90000012: Recognized obsolete hibernate namespace http://hibernate.sourceforge.net/hibernate-configuration. Use namespace http://www.hibernate.org/dtd/hibernate-configuration instead.  Support for obsolete DTD/XSD namespaces may be removed at any time. 
[INFO] Version HCANN000001: Hibernate Commons Annotations {5.0.4.Final} 
[WARN] pooling HHH10001002: Using Hibernate built-in connection pool (not for production use!) 
[INFO] pooling HHH10001005: using driver [com.mysql.cj.jdbc.Driver] at URL [jdbc:mysql://db/animal] 
[INFO] pooling HHH10001001: Connection properties: {password=pass, user=maria} 
[INFO] pooling HHH10001003: Autocommit mode: false 
[INFO] DriverManagerConnectionProviderImpl HHH000115: Hibernate connection pool size: 3 (min=1) 
[INFO] Dialect HHH000400: Using dialect: org.hibernate.dialect.MySQL8Dialect 
[INFO] access HHH10001501: Connection obtained from JdbcConnectionAccess [org.hibernate.engine.jdbc.env.internal.JdbcEnvironmentInitiator$ConnectionProviderJdbcConnectionAccess@5a1ad432] for (non-JTA) DDL execution was not in auto-commit mode; the Connection 'local transaction' will be committed and the Connection will be set into auto-commit mode. 
[INFO] access HHH10001501: Connection obtained from JdbcConnectionAccess [org.hibernate.engine.jdbc.env.internal.JdbcEnvironmentInitiator$ConnectionProviderJdbcConnectionAccess@2be2004c] for (non-JTA) DDL execution was not in auto-commit mode; the Connection 'local transaction' will be committed and the Connection will be set into auto-commit mode. 
[INFO] SchemaCreatorImpl HHH000476: Executing import script 'org.hibernate.tool.schema.internal.exec.ScriptSourceInputNonExistentImpl@2cfced53' 
[INFO] QueryTranslatorFactoryInitiator HHH000397: Using ASTQueryTranslatorFactory 
[INFO] Version HHH000412: Hibernate Core {5.3.7.Final} 
[INFO] Environment HHH000206: hibernate.properties not found 
[WARN] deprecation HHH90000012: Recognized obsolete hibernate namespace http://hibernate.sourceforge.net/hibernate-configuration. Use namespace http://www.hibernate.org/dtd/hibernate-configuration instead.  Support for obsolete DTD/XSD namespaces may be removed at any time. 
[INFO] Version HCANN000001: Hibernate Commons Annotations {5.0.4.Final} 
[WARN] pooling HHH10001002: Using Hibernate built-in connection pool (not for production use!) 
[INFO] pooling HHH10001005: using driver [com.mysql.cj.jdbc.Driver] at URL [jdbc:mysql://db/animal] 
[INFO] pooling HHH10001001: Connection properties: {password=pass, user=maria} 
[INFO] pooling HHH10001003: Autocommit mode: false 
[INFO] DriverManagerConnectionProviderImpl HHH000115: Hibernate connection pool size: 3 (min=1) 
[INFO] Dialect HHH000400: Using dialect: org.hibernate.dialect.MySQL8Dialect 
[INFO] access HHH10001501: Connection obtained from JdbcConnectionAccess [org.hibernate.engine.jdbc.env.internal.JdbcEnvironmentInitiator$ConnectionProviderJdbcConnectionAccess@5274635d] for (non-JTA) DDL execution was not in auto-commit mode; the Connection 'local transaction' will be committed and the Connection will be set into auto-commit mode. 
[INFO] access HHH10001501: Connection obtained from JdbcConnectionAccess [org.hibernate.engine.jdbc.env.internal.JdbcEnvironmentInitiator$ConnectionProviderJdbcConnectionAccess@2b4c6dc1] for (non-JTA) DDL execution was not in auto-commit mode; the Connection 'local transaction' will be committed and the Connection will be set into auto-commit mode. 
[INFO] SchemaCreatorImpl HHH000476: Executing import script 'org.hibernate.tool.schema.internal.exec.ScriptSourceInputNonExistentImpl@13894e92' 
[INFO] QueryTranslatorFactoryInitiator HHH000397: Using ASTQueryTranslatorFactory 
[INFO] Version HHH000412: Hibernate Core {5.3.7.Final} 
[INFO] Environment HHH000206: hibernate.properties not found 
[WARN] deprecation HHH90000012: Recognized obsolete hibernate namespace http://hibernate.sourceforge.net/hibernate-configuration. Use namespace http://www.hibernate.org/dtd/hibernate-configuration instead.  Support for obsolete DTD/XSD namespaces may be removed at any time. 
[INFO] Version HCANN000001: Hibernate Commons Annotations {5.0.4.Final} 
[WARN] pooling HHH10001002: Using Hibernate built-in connection pool (not for production use!) 
[INFO] pooling HHH10001005: using driver [com.mysql.cj.jdbc.Driver] at URL [jdbc:mysql://db/animal] 
[INFO] pooling HHH10001001: Connection properties: {password=pass, user=maria} 
[INFO] pooling HHH10001003: Autocommit mode: false 
[INFO] DriverManagerConnectionProviderImpl HHH000115: Hibernate connection pool size: 3 (min=1) 
[INFO] Dialect HHH000400: Using dialect: org.hibernate.dialect.MySQL8Dialect 
[INFO] access HHH10001501: Connection obtained from JdbcConnectionAccess [org.hibernate.engine.jdbc.env.internal.JdbcEnvironmentInitiator$ConnectionProviderJdbcConnectionAccess@724fae68] for (non-JTA) DDL execution was not in auto-commit mode; the Connection 'local transaction' will be committed and the Connection will be set into auto-commit mode. 
[INFO] access HHH10001501: Connection obtained from JdbcConnectionAccess [org.hibernate.engine.jdbc.env.internal.JdbcEnvironmentInitiator$ConnectionProviderJdbcConnectionAccess@4adea43] for (non-JTA) DDL execution was not in auto-commit mode; the Connection 'local transaction' will be committed and the Connection will be set into auto-commit mode. 
[INFO] SchemaCreatorImpl HHH000476: Executing import script 'org.hibernate.tool.schema.internal.exec.ScriptSourceInputNonExistentImpl@e56c20f' 
[INFO] QueryTranslatorFactoryInitiator HHH000397: Using ASTQueryTranslatorFactory 
[INFO] Version HHH000412: Hibernate Core {5.3.7.Final} 
[INFO] Environment HHH000206: hibernate.properties not found 
[WARN] deprecation HHH90000012: Recognized obsolete hibernate namespace http://hibernate.sourceforge.net/hibernate-configuration. Use namespace http://www.hibernate.org/dtd/hibernate-configuration instead.  Support for obsolete DTD/XSD namespaces may be removed at any time. 
[INFO] Version HCANN000001: Hibernate Commons Annotations {5.0.4.Final} 
[WARN] pooling HHH10001002: Using Hibernate built-in connection pool (not for production use!) 
[INFO] pooling HHH10001005: using driver [com.mysql.cj.jdbc.Driver] at URL [jdbc:mysql://db/animal] 
[INFO] pooling HHH10001001: Connection properties: {password=pass, user=maria} 
[INFO] pooling HHH10001003: Autocommit mode: false 
[INFO] DriverManagerConnectionProviderImpl HHH000115: Hibernate connection pool size: 3 (min=1) 
[INFO] Dialect HHH000400: Using dialect: org.hibernate.dialect.MySQL8Dialect 
[INFO] access HHH10001501: Connection obtained from JdbcConnectionAccess [org.hibernate.engine.jdbc.env.internal.JdbcEnvironmentInitiator$ConnectionProviderJdbcConnectionAccess@724fae68] for (non-JTA) DDL execution was not in auto-commit mode; the Connection 'local transaction' will be committed and the Connection will be set into auto-commit mode. 
[INFO] access HHH10001501: Connection obtained from JdbcConnectionAccess [org.hibernate.engine.jdbc.env.internal.JdbcEnvironmentInitiator$ConnectionProviderJdbcConnectionAccess@4adea43] for (non-JTA) DDL execution was not in auto-commit mode; the Connection 'local transaction' will be committed and the Connection will be set into auto-commit mode. 
[INFO] SchemaCreatorImpl HHH000476: Executing import script 'org.hibernate.tool.schema.internal.exec.ScriptSourceInputNonExistentImpl@e56c20f' 
[INFO] QueryTranslatorFactoryInitiator HHH000397: Using ASTQueryTranslatorFactory 
[INFO] Version HHH000412: Hibernate Core {5.3.7.Final} 
[INFO] Environment HHH000206: hibernate.properties not found 
[WARN] deprecation HHH90000012: Recognized obsolete hibernate namespace http://hibernate.sourceforge.net/hibernate-configuration. Use namespace http://www.hibernate.org/dtd/hibernate-configuration instead.  Support for obsolete DTD/XSD namespaces may be removed at any time. 
[INFO] Version HCANN000001: Hibernate Commons Annotations {5.0.4.Final} 
[WARN] pooling HHH10001002: Using Hibernate built-in connection pool (not for production use!) 
[INFO] pooling HHH10001005: using driver [com.mysql.cj.jdbc.Driver] at URL [jdbc:mysql://db/animal] 
[INFO] pooling HHH10001001: Connection properties: {password=pass, user=maria} 
[INFO] pooling HHH10001003: Autocommit mode: false 
[INFO] DriverManagerConnectionProviderImpl HHH000115: Hibernate connection pool size: 3 (min=1) 
[INFO] Dialect HHH000400: Using dialect: org.hibernate.dialect.MySQL8Dialect 
[INFO] access HHH10001501: Connection obtained from JdbcConnectionAccess [org.hibernate.engine.jdbc.env.internal.JdbcEnvironmentInitiator$ConnectionProviderJdbcConnectionAccess@1bf5323f] for (non-JTA) DDL execution was not in auto-commit mode; the Connection 'local transaction' will be committed and the Connection will be set into auto-commit mode. 
[INFO] access HHH10001501: Connection obtained from JdbcConnectionAccess [org.hibernate.engine.jdbc.env.internal.JdbcEnvironmentInitiator$ConnectionProviderJdbcConnectionAccess@197ecf75] for (non-JTA) DDL execution was not in auto-commit mode; the Connection 'local transaction' will be committed and the Connection will be set into auto-commit mode. 
[INFO] SchemaCreatorImpl HHH000476: Executing import script 'org.hibernate.tool.schema.internal.exec.ScriptSourceInputNonExistentImpl@47c05297' 
[INFO] QueryTranslatorFactoryInitiator HHH000397: Using ASTQueryTranslatorFactory 
[INFO] Version HHH000412: Hibernate Core {5.3.7.Final} 
[INFO] Environment HHH000206: hibernate.properties not found 
[WARN] deprecation HHH90000012: Recognized obsolete hibernate namespace http://hibernate.sourceforge.net/hibernate-configuration. Use namespace http://www.hibernate.org/dtd/hibernate-configuration instead.  Support for obsolete DTD/XSD namespaces may be removed at any time. 
[INFO] Version HCANN000001: Hibernate Commons Annotations {5.0.4.Final} 
[WARN] pooling HHH10001002: Using Hibernate built-in connection pool (not for production use!) 
[INFO] pooling HHH10001005: using driver [com.mysql.cj.jdbc.Driver] at URL [jdbc:mysql://db/animal] 
[INFO] pooling HHH10001001: Connection properties: {password=pass, user=maria} 
[INFO] pooling HHH10001003: Autocommit mode: false 
[INFO] DriverManagerConnectionProviderImpl HHH000115: Hibernate connection pool size: 3 (min=1) 
[INFO] Dialect HHH000400: Using dialect: org.hibernate.dialect.MySQL8Dialect 
[INFO] access HHH10001501: Connection obtained from JdbcConnectionAccess [org.hibernate.engine.jdbc.env.internal.JdbcEnvironmentInitiator$ConnectionProviderJdbcConnectionAccess@5274635d] for (non-JTA) DDL execution was not in auto-commit mode; the Connection 'local transaction' will be committed and the Connection will be set into auto-commit mode. 
[INFO] access HHH10001501: Connection obtained from JdbcConnectionAccess [org.hibernate.engine.jdbc.env.internal.JdbcEnvironmentInitiator$ConnectionProviderJdbcConnectionAccess@50721dc4] for (non-JTA) DDL execution was not in auto-commit mode; the Connection 'local transaction' will be committed and the Connection will be set into auto-commit mode. 
[INFO] SchemaCreatorImpl HHH000476: Executing import script 'org.hibernate.tool.schema.internal.exec.ScriptSourceInputNonExistentImpl@248a67d5' 
[INFO] QueryTranslatorFactoryInitiator HHH000397: Using ASTQueryTranslatorFactory 
[INFO] Version HHH000412: Hibernate Core {5.3.7.Final} 
[INFO] Environment HHH000206: hibernate.properties not found 
[WARN] deprecation HHH90000012: Recognized obsolete hibernate namespace http://hibernate.sourceforge.net/hibernate-configuration. Use namespace http://www.hibernate.org/dtd/hibernate-configuration instead.  Support for obsolete DTD/XSD namespaces may be removed at any time. 
[INFO] Version HCANN000001: Hibernate Commons Annotations {5.0.4.Final} 
[WARN] pooling HHH10001002: Using Hibernate built-in connection pool (not for production use!) 
[INFO] pooling HHH10001005: using driver [com.mysql.cj.jdbc.Driver] at URL [jdbc:mysql://db/animal] 
[INFO] pooling HHH10001001: Connection properties: {password=pass, user=maria} 
[INFO] pooling HHH10001003: Autocommit mode: false 
[INFO] DriverManagerConnectionProviderImpl HHH000115: Hibernate connection pool size: 3 (min=1) 
[INFO] Dialect HHH000400: Using dialect: org.hibernate.dialect.MySQL8Dialect 
[INFO] access HHH10001501: Connection obtained from JdbcConnectionAccess [org.hibernate.engine.jdbc.env.internal.JdbcEnvironmentInitiator$ConnectionProviderJdbcConnectionAccess@1bf5323f] for (non-JTA) DDL execution was not in auto-commit mode; the Connection 'local transaction' will be committed and the Connection will be set into auto-commit mode. 
[INFO] access HHH10001501: Connection obtained from JdbcConnectionAccess [org.hibernate.engine.jdbc.env.internal.JdbcEnvironmentInitiator$ConnectionProviderJdbcConnectionAccess@197ecf75] for (non-JTA) DDL execution was not in auto-commit mode; the Connection 'local transaction' will be committed and the Connection will be set into auto-commit mode. 
[INFO] SchemaCreatorImpl HHH000476: Executing import script 'org.hibernate.tool.schema.internal.exec.ScriptSourceInputNonExistentImpl@47c05297' 
[INFO] QueryTranslatorFactoryInitiator HHH000397: Using ASTQueryTranslatorFactory 
[INFO] Version HHH000412: Hibernate Core {5.3.7.Final} 
[INFO] Environment HHH000206: hibernate.properties not found 
[WARN] deprecation HHH90000012: Recognized obsolete hibernate namespace http://hibernate.sourceforge.net/hibernate-configuration. Use namespace http://www.hibernate.org/dtd/hibernate-configuration instead.  Support for obsolete DTD/XSD namespaces may be removed at any time. 
[INFO] Version HCANN000001: Hibernate Commons Annotations {5.0.4.Final} 
[WARN] pooling HHH10001002: Using Hibernate built-in connection pool (not for production use!) 
[INFO] pooling HHH10001005: using driver [com.mysql.cj.jdbc.Driver] at URL [jdbc:mysql://db/animal] 
[INFO] pooling HHH10001001: Connection properties: {password=pass, user=maria} 
[INFO] pooling HHH10001003: Autocommit mode: false 
[INFO] DriverManagerConnectionProviderImpl HHH000115: Hibernate connection pool size: 3 (min=1) 
[INFO] Dialect HHH000400: Using dialect: org.hibernate.dialect.MySQL8Dialect 
[INFO] access HHH10001501: Connection obtained from JdbcConnectionAccess [org.hibernate.engine.jdbc.env.internal.JdbcEnvironmentInitiator$ConnectionProviderJdbcConnectionAccess@354a21c2] for (non-JTA) DDL execution was not in auto-commit mode; the Connection 'local transaction' will be committed and the Connection will be set into auto-commit mode. 
[INFO] access HHH10001501: Connection obtained from JdbcConnectionAccess [org.hibernate.engine.jdbc.env.internal.JdbcEnvironmentInitiator$ConnectionProviderJdbcConnectionAccess@193e450c] for (non-JTA) DDL execution was not in auto-commit mode; the Connection 'local transaction' will be committed and the Connection will be set into auto-commit mode. 
[INFO] SchemaCreatorImpl HHH000476: Executing import script 'org.hibernate.tool.schema.internal.exec.ScriptSourceInputNonExistentImpl@1299fee2' 
[INFO] QueryTranslatorFactoryInitiator HHH000397: Using ASTQueryTranslatorFactory 
[INFO] SchemaDropperImpl$DelayedDropActionImpl HHH000477: Starting delayed evictData of schema as part of SessionFactory shut-down' 
[INFO] access HHH10001501: Connection obtained from JdbcConnectionAccess [org.hibernate.engine.jdbc.env.internal.JdbcEnvironmentInitiator$ConnectionProviderJdbcConnectionAccess@6e241fde] for (non-JTA) DDL execution was not in auto-commit mode; the Connection 'local transaction' will be committed and the Connection will be set into auto-commit mode. 
[INFO] pooling HHH10001008: Cleaning up connection pool [jdbc:mysql://db/animal] 
[ERROR] DriverManagerConnectionProviderImpl Connection leak detected: there are 1 unclosed connections upon shutting down pool jdbc:mysql://db/animal 
[INFO] Version HHH000412: Hibernate Core {5.3.7.Final} 
[INFO] Environment HHH000206: hibernate.properties not found 
[WARN] deprecation HHH90000012: Recognized obsolete hibernate namespace http://hibernate.sourceforge.net/hibernate-configuration. Use namespace http://www.hibernate.org/dtd/hibernate-configuration instead.  Support for obsolete DTD/XSD namespaces may be removed at any time. 
[INFO] Version HCANN000001: Hibernate Commons Annotations {5.0.4.Final} 
[WARN] pooling HHH10001002: Using Hibernate built-in connection pool (not for production use!) 
[INFO] pooling HHH10001005: using driver [com.mysql.cj.jdbc.Driver] at URL [jdbc:mysql://db/animal] 
[INFO] pooling HHH10001001: Connection properties: {password=pass, user=maria} 
[INFO] pooling HHH10001003: Autocommit mode: false 
[INFO] DriverManagerConnectionProviderImpl HHH000115: Hibernate connection pool size: 3 (min=1) 
[INFO] Dialect HHH000400: Using dialect: org.hibernate.dialect.MySQL8Dialect 
[INFO] access HHH10001501: Connection obtained from JdbcConnectionAccess [org.hibernate.engine.jdbc.env.internal.JdbcEnvironmentInitiator$ConnectionProviderJdbcConnectionAccess@724fae68] for (non-JTA) DDL execution was not in auto-commit mode; the Connection 'local transaction' will be committed and the Connection will be set into auto-commit mode. 
[INFO] access HHH10001501: Connection obtained from JdbcConnectionAccess [org.hibernate.engine.jdbc.env.internal.JdbcEnvironmentInitiator$ConnectionProviderJdbcConnectionAccess@3efb1276] for (non-JTA) DDL execution was not in auto-commit mode; the Connection 'local transaction' will be committed and the Connection will be set into auto-commit mode. 
[INFO] SchemaCreatorImpl HHH000476: Executing import script 'org.hibernate.tool.schema.internal.exec.ScriptSourceInputNonExistentImpl@7f3f3e5e' 
[INFO] QueryTranslatorFactoryInitiator HHH000397: Using ASTQueryTranslatorFactory 
